<?xml version="1.0" encoding="UTF-8"?>
<testng-results skipped="0" failed="0" total="1" passed="1">
  <reporter-output>
  </reporter-output>
  <suite name="Default suite" duration-ms="2896" started-at="2017-05-03T05:33:07Z" finished-at="2017-05-03T05:33:09Z">
    <groups>
    </groups>
    <test name="Default test" duration-ms="2896" started-at="2017-05-03T05:33:07Z" finished-at="2017-05-03T05:33:09Z">
      <class name="automationFramework.Framework_001">
        <test-method status="PASS" signature="beforeMethod()[pri:0, instance:automationFramework.Framework_001@54bff557]" name="beforeMethod" is-config="true" duration-ms="2562" started-at="2017-05-03T13:33:07Z" finished-at="2017-05-03T13:33:09Z">
          <reporter-output>
          </reporter-output>
        </test-method> <!-- beforeMethod -->
        <test-method status="PASS" signature="f()[pri:0, instance:automationFramework.Framework_001@54bff557]" name="f" duration-ms="302" started-at="2017-05-03T13:33:09Z" finished-at="2017-05-03T13:33:09Z">
          <reporter-output>
          </reporter-output>
        </test-method> <!-- f -->
        <test-method status="PASS" signature="afterMethod()[pri:0, instance:automationFramework.Framework_001@54bff557]" name="afterMethod" is-config="true" duration-ms="0" started-at="2017-05-03T13:33:09Z" finished-at="2017-05-03T13:33:09Z">
          <reporter-output>
          </reporter-output>
        </test-method> <!-- afterMethod -->
      </class> <!-- automationFramework.Framework_001 -->
    </test> <!-- Default test -->
  </suite> <!-- Default suite -->
</testng-results>
